<?xml version="1.0" encoding="UTF-8"?>
<testsuite name="Búsqueda de Politicas de Objeto extraviado" tests="1" skipped="0" failures="1" errors="0" timestamp="2020-08-20T20:05:09" hostname="L50780L6CYWM5Y2" time="11.373">
  <properties/>
  <testcase name="Abrir el PDF Politicas de objeto extraviado" classname="Búsqueda de Politicas de Objeto extraviado" time="11.373">
    <failure message="java.lang.AssertionError: Expected net.serenitybdd.screenplay.QuestionSubject@1d64a90&#10;Expected: is &lt;true&gt;&#10;     but: was &lt;false&gt;" type="java.lang.AssertionError">java.lang.AssertionError: Expected net.serenitybdd.screenplay.QuestionSubject@1d64a90
Expected: is &lt;true&gt;
     but: was &lt;false&gt;
	at net.serenitybdd.screenplay.ErrorTally.throwSummaryExceptionFrom(ErrorTally.java:36)
	at net.serenitybdd.screenplay.ErrorTally.reportAnyErrors(ErrorTally.java:30)
	at net.serenitybdd.screenplay.Actor.should(Actor.java:187)
	at co.com.banistmo.reto.stepdefinitions.TocumenStepDefinitions.deberiaAbrirseElArchivoAaaaa(TocumenStepDefinitions.java:41)
	at ✽.Deberia abrirse el archivo aa(src/test/resources/features/tocumenpdf.feature:20)
</failure>
  </testcase>
  <system-out><![CDATA[SERVICIOS
[[[[[RemoteWebDriver: chrome on WINDOWS (3332eb32fb47650a459ff9c1556a663d)] -> xpath: //*[@id='menutop']/ul]] -> xpath: li], [[[[RemoteWebDriver: chrome on WINDOWS (3332eb32fb47650a459ff9c1556a663d)] -> xpath: //*[@id='menutop']/ul]] -> xpath: li], [[[[RemoteWebDriver: chrome on WINDOWS (3332eb32fb47650a459ff9c1556a663d)] -> xpath: //*[@id='menutop']/ul]] -> xpath: li], [[[[RemoteWebDriver: chrome on WINDOWS (3332eb32fb47650a459ff9c1556a663d)] -> xpath: //*[@id='menutop']/ul]] -> xpath: li], [[[[RemoteWebDriver: chrome on WINDOWS (3332eb32fb47650a459ff9c1556a663d)] -> xpath: //*[@id='menutop']/ul]] -> xpath: li], [[[[RemoteWebDriver: chrome on WINDOWS (3332eb32fb47650a459ff9c1556a663d)] -> xpath: //*[@id='menutop']/ul]] -> xpath: li]]
SERVICIOS
Información del Viajero
[[[[[RemoteWebDriver: chrome on WINDOWS (3332eb32fb47650a459ff9c1556a663d)] -> xpath: //*[@id='menutop']/ul/li[3]/ul]] -> xpath: li], [[[[RemoteWebDriver: chrome on WINDOWS (3332eb32fb47650a459ff9c1556a663d)] -> xpath: //*[@id='menutop']/ul/li[3]/ul]] -> xpath: li], [[[[RemoteWebDriver: chrome on WINDOWS (3332eb32fb47650a459ff9c1556a663d)] -> xpath: //*[@id='menutop']/ul/li[3]/ul]] -> xpath: li], [[[[RemoteWebDriver: chrome on WINDOWS (3332eb32fb47650a459ff9c1556a663d)] -> xpath: //*[@id='menutop']/ul/li[3]/ul]] -> xpath: li], [[[[RemoteWebDriver: chrome on WINDOWS (3332eb32fb47650a459ff9c1556a663d)] -> xpath: //*[@id='menutop']/ul/li[3]/ul]] -> xpath: li], [[[[RemoteWebDriver: chrome on WINDOWS (3332eb32fb47650a459ff9c1556a663d)] -> xpath: //*[@id='menutop']/ul/li[3]/ul]] -> xpath: li], [[[[RemoteWebDriver: chrome on WINDOWS (3332eb32fb47650a459ff9c1556a663d)] -> xpath: //*[@id='menutop']/ul/li[3]/ul]] -> xpath: li], [[[[RemoteWebDriver: chrome on WINDOWS (3332eb32fb47650a459ff9c1556a663d)] -> xpath: //*[@id='menutop']/ul/li[3]/ul]] -> xpath: li], [[[[RemoteWebDriver: chrome on WINDOWS (3332eb32fb47650a459ff9c1556a663d)] -> xpath: //*[@id='menutop']/ul/li[3]/ul]] -> xpath: li], [[[[RemoteWebDriver: chrome on WINDOWS (3332eb32fb47650a459ff9c1556a663d)] -> xpath: //*[@id='menutop']/ul/li[3]/ul]] -> xpath: li]]
Información del Viajero
Objetos Extraviados
[[[[[RemoteWebDriver: chrome on WINDOWS (3332eb32fb47650a459ff9c1556a663d)] -> xpath: //*[@id='menutop']/ul/li[3]/ul/li[1]/ul]] -> xpath: li], [[[[RemoteWebDriver: chrome on WINDOWS (3332eb32fb47650a459ff9c1556a663d)] -> xpath: //*[@id='menutop']/ul/li[3]/ul/li[1]/ul]] -> xpath: li], [[[[RemoteWebDriver: chrome on WINDOWS (3332eb32fb47650a459ff9c1556a663d)] -> xpath: //*[@id='menutop']/ul/li[3]/ul/li[1]/ul]] -> xpath: li], [[[[RemoteWebDriver: chrome on WINDOWS (3332eb32fb47650a459ff9c1556a663d)] -> xpath: //*[@id='menutop']/ul/li[3]/ul/li[1]/ul]] -> xpath: li], [[[[RemoteWebDriver: chrome on WINDOWS (3332eb32fb47650a459ff9c1556a663d)] -> xpath: //*[@id='menutop']/ul/li[3]/ul/li[1]/ul]] -> xpath: li], [[[[RemoteWebDriver: chrome on WINDOWS (3332eb32fb47650a459ff9c1556a663d)] -> xpath: //*[@id='menutop']/ul/li[3]/ul/li[1]/ul]] -> xpath: li], [[[[RemoteWebDriver: chrome on WINDOWS (3332eb32fb47650a459ff9c1556a663d)] -> xpath: //*[@id='menutop']/ul/li[3]/ul/li[1]/ul]] -> xpath: li], [[[[RemoteWebDriver: chrome on WINDOWS (3332eb32fb47650a459ff9c1556a663d)] -> xpath: //*[@id='menutop']/ul/li[3]/ul/li[1]/ul]] -> xpath: li], [[[[RemoteWebDriver: chrome on WINDOWS (3332eb32fb47650a459ff9c1556a663d)] -> xpath: //*[@id='menutop']/ul/li[3]/ul/li[1]/ul]] -> xpath: li], [[[[RemoteWebDriver: chrome on WINDOWS (3332eb32fb47650a459ff9c1556a663d)] -> xpath: //*[@id='menutop']/ul/li[3]/ul/li[1]/ul]] -> xpath: li]]
Objetos Extraviados
]]></system-out>
  <system-err><![CDATA[ago 20, 2020 3:05:09 PM org.openqa.selenium.remote.DesiredCapabilities chrome
INFORMACIÓN: Using `new ChromeOptions()` is preferred to `DesiredCapabilities.chrome()`
Starting ChromeDriver 81.0.4044.138 (8c6c7ba89cc9453625af54f11fd83179e23450fa-refs/branch-heads/4044@{#999}) on port 45123
Only local connections are allowed.
Please protect ports used by ChromeDriver and related test frameworks to prevent access by malicious code.
ago 20, 2020 3:05:14 PM org.openqa.selenium.remote.ProtocolHandshake createSession
INFORMACIÓN: Detected dialect: W3C
[1597953915.081][SEVERE]: Timed out receiving message from renderer: 0.100
[1597953915.190][SEVERE]: Timed out receiving message from renderer: 0.100
[1597953915.362][SEVERE]: Timed out receiving message from renderer: 0.100
[1597953915.467][SEVERE]: Timed out receiving message from renderer: 0.100
[1597953915.665][SEVERE]: Timed out receiving message from renderer: 0.100
[1597953915.767][SEVERE]: Timed out receiving message from renderer: 0.100
[1597953915.868][SEVERE]: Timed out receiving message from renderer: 0.100
[1597953915.972][SEVERE]: Timed out receiving message from renderer: 0.100
[Test worker] ERROR net.serenitybdd.core.Serenity - 
           __  _____ _____ ____ _____   _____ _    ___ _     _____ ____  
  _       / / |_   _| ____/ ___|_   _| |  ___/ \  |_ _| |   | ____|  _ \ 
 (_)_____| |    | | |  _| \___ \ | |   | |_ / _ \  | || |   |  _| | | | |
  _|_____| |    | | | |___ ___) || |   |  _/ ___ \ | || |___| |___| |_| |
 (_)     | |    |_| |_____|____/ |_|   |_|/_/   \_\___|_____|_____|____/ 
          \_\                                                            

TEST FAILED: Abrir el PDF Politicas de objeto extraviado
--------------------------------------------------------------------------
[Test worker] ERROR net.serenitybdd.core.Serenity - TEST FAILED AT STEP Then comprobar
[Test worker] ERROR net.serenitybdd.core.Serenity - Expected net.serenitybdd.screenplay.QuestionSubject@1d64a90Expected: is <true> but: was <false>
]]></system-err>
</testsuite>
